2015-06-13 20:04:29.220 Batoran[95478:5069701] DiskCookieStorage changing policy from 2 to 0, cookie file: file:///Users/sximada/Library/Developer/CoreSimulator/Devices/235B2473-03B1-4828-8DDD-E204909546EC/data/Containers/Data/Application/135895D1-8616-417C-852E-338FD1123DA2/Library/Cookies/Cookies.binarycookies
2015-06-13 20:04:29.583 Batoran[95478:5069701] Apache Cordova native platform version 3.8.0 is starting.
2015-06-13 20:04:29.583 Batoran[95478:5069701] Multi-tasking -> Device: YES, App: YES
2015-06-13 20:04:29.600 Batoran[95478:5069701] Unlimited access to network resources
2015-06-13 20:04:29.612 Batoran[95478:5069701] 

Started backup to iCloud! Please be careful.
Your application might be rejected by Apple if you store too much data.
For more information please read "iOS Data Storage Guidelines" at:
https://developer.apple.com/icloud/documentation/data-storage/
To disable web storage backup to iCloud, set the BackupWebStorage preference to "local" in the Cordova config.xml file

2015-06-13 20:04:30.753 Batoran[95478:5069701] Resetting plugins due to page load.
2015-06-13 20:04:30.981 Batoran[95478:5069701] Finished load of: file:///Users/sximada/Library/Developer/CoreSimulator/Devices/235B2473-03B1-4828-8DDD-E204909546EC/data/Containers/Bundle/Application/8D2358CA-BB53-423E-BA77-AA4133211926/Batoran.app/www/index.html
2015-06-13 23:04:39.702 Batoran[1073:5173524] DiskCookieStorage changing policy from 2 to 0, cookie file: file:///Users/sximada/Library/Developer/CoreSimulator/Devices/235B2473-03B1-4828-8DDD-E204909546EC/data/Containers/Data/Application/CE02A412-54FC-406A-9CF8-E8973E1DC33C/Library/Cookies/Cookies.binarycookies
2015-06-13 23:04:39.770 Batoran[1073:5173524] Apache Cordova native platform version 3.8.0 is starting.
2015-06-13 23:04:39.770 Batoran[1073:5173524] Multi-tasking -> Device: YES, App: YES
2015-06-13 23:04:39.772 Batoran[1073:5173524] Unlimited access to network resources
2015-06-13 23:04:39.775 Batoran[1073:5173524] 

Started backup to iCloud! Please be careful.
Your application might be rejected by Apple if you store too much data.
For more information please read "iOS Data Storage Guidelines" at:
https://developer.apple.com/icloud/documentation/data-storage/
To disable web storage backup to iCloud, set the BackupWebStorage preference to "local" in the Cordova config.xml file

2015-06-13 23:04:39.923 Batoran[1073:5173524] Resetting plugins due to page load.
2015-06-13 23:04:42.442 Batoran[1073:5173524] Finished load of: file:///Users/sximada/Library/Developer/CoreSimulator/Devices/235B2473-03B1-4828-8DDD-E204909546EC/data/Containers/Bundle/Application/88E4AEE0-A879-423C-AC8E-858260A1DA2E/Batoran.app/www/index.html
